# JRE version: Java(TM) SE Runtime Environment (8.0_60-b27) (build 1.8.0_60-b27)
# Java VM: Java HotSpot(TM) 64-Bit Server VM (25.60-b23 mixed mode windows-amd64 compressed oops)
Heap:
 PSYoungGen      total 284672K, used 249566K [0x00000000eb200000, 0x00000000fff00000, 0x0000000100000000)
  eden space 268800K, 90% used [0x00000000eb200000,0x00000000f9fa0128,0x00000000fb880000)
  from space 15872K, 39% used [0x00000000fb880000,0x00000000fbe97a60,0x00000000fc800000)
  to   space 15360K, 0% used [0x00000000ff000000,0x00000000ff000000,0x00000000fff00000)
 ParOldGen       total 77312K, used 29050K [0x00000000c1600000, 0x00000000c6180000, 0x00000000eb200000)
  object space 77312K, 37% used [0x00000000c1600000,0x00000000c325ea58,0x00000000c6180000)
 Metaspace       used 64900K, capacity 68355K, committed 68440K, reserved 1107968K
  class space    used 8722K, capacity 9283K, committed 9344K, reserved 1048576K
GC Heap History (10 events):
Event: 9.561 GC heap before
{Heap before GC invocations=14 (full 2):
 PSYoungGen      total 174080K, used 162304K [0x00000000eb200000, 0x00000000fa980000, 0x0000000100000000)
  eden space 162304K, 100% used [0x00000000eb200000,0x00000000f5080000,0x00000000f5080000)
  from space 11776K, 0% used [0x00000000f5080000,0x00000000f5080000,0x00000000f5c00000)
  to   space 11264K, 0% used [0x00000000f9e80000,0x00000000f9e80000,0x00000000fa980000)
 ParOldGen       total 54784K, used 19229K [0x00000000c1600000, 0x00000000c4b80000, 0x00000000eb200000)
  object space 54784K, 35% used [0x00000000c1600000,0x00000000c28c7558,0x00000000c4b80000)
 Metaspace       used 50702K, capacity 53221K, committed 53504K, reserved 1095680K
  class space    used 7147K, capacity 7638K, committed 7680K, reserved 1048576K
Event: 9.584 GC heap after
Heap after GC invocations=14 (full 2):
 PSYoungGen      total 223232K, used 11241K [0x00000000eb200000, 0x00000000fa980000, 0x0000000100000000)
  eden space 211968K, 0% used [0x00000000eb200000,0x00000000eb200000,0x00000000f8100000)
  from space 11264K, 99% used [0x00000000f9e80000,0x00000000fa97a428,0x00000000fa980000)
  to   space 16384K, 0% used [0x00000000f8980000,0x00000000f8980000,0x00000000f9980000)
 ParOldGen       total 54784K, used 28134K [0x00000000c1600000, 0x00000000c4b80000, 0x00000000eb200000)
  object space 54784K, 51% used [0x00000000c1600000,0x00000000c3179b18,0x00000000c4b80000)
 Metaspace       used 50702K, capacity 53221K, committed 53504K, reserved 1095680K
  class space    used 7147K, capacity 7638K, committed 7680K, reserved 1048576K
}
Event: 19.644 GC heap before
{Heap before GC invocations=15 (full 2):
 PSYoungGen      total 223232K, used 159477K [0x00000000eb200000, 0x00000000fa980000, 0x0000000100000000)
  eden space 211968K, 69% used [0x00000000eb200000,0x00000000f42c3290,0x00000000f8100000)
  from space 11264K, 99% used [0x00000000f9e80000,0x00000000fa97a428,0x00000000fa980000)
  to   space 16384K, 0% used [0x00000000f8980000,0x00000000f8980000,0x00000000f9980000)
 ParOldGen       total 54784K, used 28134K [0x00000000c1600000, 0x00000000c4b80000, 0x00000000eb200000)
  object space 54784K, 51% used [0x00000000c1600000,0x00000000c3179b18,0x00000000c4b80000)
 Metaspace       used 56053K, capacity 59091K, committed 59096K, reserved 1099776K
  class space    used 7885K, capacity 8443K, committed 8448K, reserved 1048576K
Event: 19.671 GC heap after
Heap after GC invocations=15 (full 2):
 PSYoungGen      total 237056K, used 9253K [0x00000000eb200000, 0x00000000fd780000, 0x0000000100000000)
  eden space 220672K, 0% used [0x00000000eb200000,0x00000000eb200000,0x00000000f8980000)
  from space 16384K, 56% used [0x00000000f8980000,0x00000000f9289728,0x00000000f9980000)
  to   space 15872K, 0% used [0x00000000fc800000,0x00000000fc800000,0x00000000fd780000)
 ParOldGen       total 54784K, used 34037K [0x00000000c1600000, 0x00000000c4b80000, 0x00000000eb200000)
  object space 54784K, 62% used [0x00000000c1600000,0x00000000c373d5c8,0x00000000c4b80000)
 Metaspace       used 56053K, capacity 59091K, committed 59096K, reserved 1099776K
  class space    used 7885K, capacity 8443K, committed 8448K, reserved 1048576K
}
Event: 19.671 GC heap before
{Heap before GC invocations=16 (full 3):
 PSYoungGen      total 237056K, used 9253K [0x00000000eb200000, 0x00000000fd780000, 0x0000000100000000)
  eden space 220672K, 0% used [0x00000000eb200000,0x00000000eb200000,0x00000000f8980000)
  from space 16384K, 56% used [0x00000000f8980000,0x00000000f9289728,0x00000000f9980000)
  to   space 15872K, 0% used [0x00000000fc800000,0x00000000fc800000,0x00000000fd780000)
 ParOldGen       total 54784K, used 34037K [0x00000000c1600000, 0x00000000c4b80000, 0x00000000eb200000)
  object space 54784K, 62% used [0x00000000c1600000,0x00000000c373d5c8,0x00000000c4b80000)
 Metaspace       used 56053K, capacity 59091K, committed 59096K, reserved 1099776K
  class space    used 7885K, capacity 8443K, committed 8448K, reserved 1048576K
Event: 19.935 GC heap after
Heap after GC invocations=16 (full 3):
 PSYoungGen      total 237056K, used 0K [0x00000000eb200000, 0x00000000fd780000, 0x0000000100000000)
  eden space 220672K, 0% used [0x00000000eb200000,0x00000000eb200000,0x00000000f8980000)
  from space 16384K, 0% used [0x00000000f8980000,0x00000000f8980000,0x00000000f9980000)
  to   space 15872K, 0% used [0x00000000fc800000,0x00000000fc800000,0x00000000fd780000)
 ParOldGen       total 77312K, used 29034K [0x00000000c1600000, 0x00000000c6180000, 0x00000000eb200000)
  object space 77312K, 37% used [0x00000000c1600000,0x00000000c325aa58,0x00000000c6180000)
 Metaspace       used 56019K, capacity 59037K, committed 59096K, reserved 1099776K
  class space    used 7880K, capacity 8434K, committed 8448K, reserved 1048576K
}
Event: 68.461 GC heap before
{Heap before GC invocations=17 (full 3):
 PSYoungGen      total 237056K, used 220672K [0x00000000eb200000, 0x00000000fd780000, 0x0000000100000000)
  eden space 220672K, 100% used [0x00000000eb200000,0x00000000f8980000,0x00000000f8980000)
  from space 16384K, 0% used [0x00000000f8980000,0x00000000f8980000,0x00000000f9980000)
  to   space 15872K, 0% used [0x00000000fc800000,0x00000000fc800000,0x00000000fd780000)
 ParOldGen       total 77312K, used 29034K [0x00000000c1600000, 0x00000000c6180000, 0x00000000eb200000)
  object space 77312K, 37% used [0x00000000c1600000,0x00000000c325aa58,0x00000000c6180000)
 Metaspace       used 63838K, capacity 66965K, committed 67288K, reserved 1107968K
  class space    used 8611K, capacity 9158K, committed 9216K, reserved 1048576K
Event: 68.481 GC heap after
Heap after GC invocations=17 (full 3):
 PSYoungGen      total 284672K, used 9400K [0x00000000eb200000, 0x00000000fdb80000, 0x0000000100000000)
  eden space 268800K, 0% used [0x00000000eb200000,0x00000000eb200000,0x00000000fb880000)
  from space 15872K, 59% used [0x00000000fc800000,0x00000000fd12e3d0,0x00000000fd780000)
  to   space 15872K, 0% used [0x00000000fb880000,0x00000000fb880000,0x00000000fc800000)
 ParOldGen       total 77312K, used 29042K [0x00000000c1600000, 0x00000000c6180000, 0x00000000eb200000)
  object space 77312K, 37% used [0x00000000c1600000,0x00000000c325ca58,0x00000000c6180000)
 Metaspace       used 63838K, capacity 66965K, committed 67288K, reserved 1107968K
  class space    used 8611K, capacity 9158K, committed 9216K, reserved 1048576K
}
Event: 115.310 GC heap before
{Heap before GC invocations=18 (full 3):
 PSYoungGen      total 284672K, used 278200K [0x00000000eb200000, 0x00000000fdb80000, 0x0000000100000000)
  eden space 268800K, 100% used [0x00000000eb200000,0x00000000fb880000,0x00000000fb880000)
  from space 15872K, 59% used [0x00000000fc800000,0x00000000fd12e3d0,0x00000000fd780000)
  to   space 15872K, 0% used [0x00000000fb880000,0x00000000fb880000,0x00000000fc800000)
 ParOldGen       total 77312K, used 29042K [0x00000000c1600000, 0x00000000c6180000, 0x00000000eb200000)
  object space 77312K, 37% used [0x00000000c1600000,0x00000000c325ca58,0x00000000c6180000)
 Metaspace       used 64874K, capacity 68227K, committed 68440K, reserved 1107968K
  class space    used 8722K, capacity 9283K, committed 9344K, reserved 1048576K
Event: 115.321 GC heap after
Heap after GC invocations=18 (full 3):
 PSYoungGen      total 284672K, used 6238K [0x00000000eb200000, 0x00000000fff00000, 0x0000000100000000)
  eden space 268800K, 0% used [0x00000000eb200000,0x00000000eb200000,0x00000000fb880000)
  from space 15872K, 39% used [0x00000000fb880000,0x00000000fbe97a60,0x00000000fc800000)
  to   space 15360K, 0% used [0x00000000ff000000,0x00000000ff000000,0x00000000fff00000)
 ParOldGen       total 77312K, used 29050K [0x00000000c1600000, 0x00000000c6180000, 0x00000000eb200000)
  object space 77312K, 37% used [0x00000000c1600000,0x00000000c325ea58,0x00000000c6180000)
 Metaspace       used 64874K, capacity 68227K, committed 68440K, reserved 1107968K
  class space    used 8722K, capacity 9283K, committed 9344K, reserved 1048576K
}

